<?xml version="1.0" encoding="UTF-8"?>
<coverage generated="1756149421753" clover="3.2.0">
  <project timestamp="1756149421754" name="All files">
    <metrics statements="120" coveredstatements="107" conditionals="33" coveredconditionals="19" methods="33" coveredmethods="31" elements="186" coveredelements="157" complexity="0" loc="120" ncloc="120" packages="3" files="7" classes="7"/>
    <package name="components">
      <metrics statements="74" coveredstatements="67" conditionals="18" coveredconditionals="11" methods="18" coveredmethods="16"/>
      <file name="QuizQuestion.tsx" path="C:\Users\murat\OneDrive\Desktop\Projects\react-projects\quiz-app\src\features\quiz\components\QuizQuestion.tsx">
        <metrics statements="40" coveredstatements="34" conditionals="18" coveredconditionals="11" methods="9" coveredmethods="8"/>
        <line num="1" count="1" type="stmt"/>
        <line num="2" count="1" type="stmt"/>
        <line num="4" count="1" type="stmt"/>
        <line num="5" count="9" type="stmt"/>
        <line num="6" count="9" type="stmt"/>
        <line num="8" count="9" type="stmt"/>
        <line num="9" count="9" type="stmt"/>
        <line num="12" count="9" type="stmt"/>
        <line num="13" count="5" type="cond" truecount="2" falsecount="0"/>
        <line num="14" count="5" type="stmt"/>
        <line num="17" count="9" type="stmt"/>
        <line num="18" count="2" type="cond" truecount="3" falsecount="1"/>
        <line num="20" count="2" type="stmt"/>
        <line num="21" count="2" type="stmt"/>
        <line num="27" count="2" type="stmt"/>
        <line num="29" count="2" type="cond" truecount="2" falsecount="0"/>
        <line num="30" count="1" type="stmt"/>
        <line num="31" count="1" type="stmt"/>
        <line num="32" count="0" type="stmt"/>
        <line num="35" count="1" type="stmt"/>
        <line num="36" count="1" type="stmt"/>
        <line num="40" count="9" type="stmt"/>
        <line num="41" count="36" type="stmt"/>
        <line num="53" count="36" type="cond" truecount="1" falsecount="1"/>
        <line num="54" count="0" type="cond" truecount="0" falsecount="2"/>
        <line num="55" count="0" type="stmt"/>
        <line num="57" count="0" type="cond" truecount="0" falsecount="2"/>
        <line num="58" count="0" type="stmt"/>
        <line num="62" count="36" type="stmt"/>
        <line num="65" count="9" type="stmt"/>
        <line num="74" count="36" type="stmt"/>
        <line num="76" count="2" type="stmt"/>
        <line num="87" count="1" type="stmt"/>
        <line num="96" count="1" type="stmt"/>
        <line num="97" count="1" type="stmt"/>
        <line num="99" count="1" type="stmt"/>
        <line num="100" count="1" type="cond" truecount="1" falsecount="1"/>
        <line num="101" count="1" type="stmt"/>
        <line num="103" count="0" type="stmt"/>
        <line num="114" count="1" type="stmt"/>
      </file>
      <file name="QuizResult.tsx" path="C:\Users\murat\OneDrive\Desktop\Projects\react-projects\quiz-app\src\features\quiz\components\QuizResult.tsx">
        <metrics statements="16" coveredstatements="15" conditionals="0" coveredconditionals="0" methods="3" coveredmethods="2"/>
        <line num="1" count="1" type="stmt"/>
        <line num="2" count="1" type="stmt"/>
        <line num="3" count="1" type="stmt"/>
        <line num="5" count="1" type="stmt"/>
        <line num="6" count="2" type="stmt"/>
        <line num="8" count="2" type="stmt"/>
        <line num="9" count="2" type="stmt"/>
        <line num="10" count="2" type="stmt"/>
        <line num="11" count="2" type="stmt"/>
        <line num="13" count="2" type="stmt"/>
        <line num="14" count="1" type="stmt"/>
        <line num="15" count="1" type="stmt"/>
        <line num="16" count="1" type="stmt"/>
        <line num="19" count="2" type="stmt"/>
        <line num="42" count="0" type="stmt"/>
        <line num="58" count="1" type="stmt"/>
      </file>
      <file name="QuizStart.tsx" path="C:\Users\murat\OneDrive\Desktop\Projects\react-projects\quiz-app\src\features\quiz\components\QuizStart.tsx">
        <metrics statements="18" coveredstatements="18" conditionals="0" coveredconditionals="0" methods="6" coveredmethods="6"/>
        <line num="1" count="1" type="stmt"/>
        <line num="2" count="1" type="stmt"/>
        <line num="3" count="1" type="stmt"/>
        <line num="4" count="1" type="stmt"/>
        <line num="6" count="1" type="stmt"/>
        <line num="7" count="7" type="stmt"/>
        <line num="8" count="7" type="stmt"/>
        <line num="9" count="7" type="stmt"/>
        <line num="11" count="7" type="stmt"/>
        <line num="12" count="1" type="stmt"/>
        <line num="13" count="1" type="stmt"/>
        <line num="14" count="1" type="stmt"/>
        <line num="17" count="7" type="stmt"/>
        <line num="26" count="2" type="stmt"/>
        <line num="31" count="182" type="stmt"/>
        <line num="44" count="2" type="stmt"/>
        <line num="49" count="42" type="stmt"/>
        <line num="62" count="1" type="stmt"/>
      </file>
    </package>
    <package name="context">
      <metrics statements="20" coveredstatements="14" conditionals="10" coveredconditionals="4" methods="2" coveredmethods="2"/>
      <file name="QuizContext.tsx" path="C:\Users\murat\OneDrive\Desktop\Projects\react-projects\quiz-app\src\features\quiz\context\QuizContext.tsx">
        <metrics statements="2" coveredstatements="2" conditionals="0" coveredconditionals="0" methods="0" coveredmethods="0"/>
        <line num="1" count="3" type="stmt"/>
        <line num="10" count="3" type="stmt"/>
      </file>
      <file name="QuizReducer.ts" path="C:\Users\murat\OneDrive\Desktop\Projects\react-projects\quiz-app\src\features\quiz\context\QuizReducer.ts">
        <metrics statements="11" coveredstatements="6" conditionals="8" coveredconditionals="3" methods="1" coveredmethods="1"/>
        <line num="24" count="1" type="stmt"/>
        <line num="35" count="1" type="stmt"/>
        <line num="36" count="3" type="cond" truecount="3" falsecount="5"/>
        <line num="38" count="1" type="stmt"/>
        <line num="45" count="1" type="stmt"/>
        <line num="50" count="0" type="stmt"/>
        <line num="55" count="0" type="stmt"/>
        <line num="60" count="1" type="stmt"/>
        <line num="65" count="0" type="stmt"/>
        <line num="73" count="0" type="stmt"/>
        <line num="80" count="0" type="stmt"/>
      </file>
      <file name="useQuiz.ts" path="C:\Users\murat\OneDrive\Desktop\Projects\react-projects\quiz-app\src\features\quiz\context\useQuiz.ts">
        <metrics statements="7" coveredstatements="6" conditionals="2" coveredconditionals="1" methods="1" coveredmethods="1"/>
        <line num="1" count="3" type="stmt"/>
        <line num="2" count="3" type="stmt"/>
        <line num="4" count="3" type="stmt"/>
        <line num="5" count="18" type="stmt"/>
        <line num="6" count="18" type="cond" truecount="1" falsecount="1"/>
        <line num="7" count="0" type="stmt"/>
        <line num="9" count="18" type="stmt"/>
      </file>
    </package>
    <package name="services">
      <metrics statements="26" coveredstatements="26" conditionals="5" coveredconditionals="4" methods="13" coveredmethods="13"/>
      <file name="QuizService.ts" path="C:\Users\murat\OneDrive\Desktop\Projects\react-projects\quiz-app\src\features\quiz\services\QuizService.ts">
        <metrics statements="26" coveredstatements="26" conditionals="5" coveredconditionals="4" methods="13" coveredmethods="13"/>
        <line num="9" count="2" type="stmt"/>
        <line num="14" count="4" type="stmt"/>
        <line num="15" count="4" type="stmt"/>
        <line num="20" count="37521" type="stmt"/>
        <line num="21" count="4" type="stmt"/>
        <line num="22" count="3714" type="stmt"/>
        <line num="23" count="3714" type="stmt"/>
        <line num="24" count="3714" type="stmt"/>
        <line num="25" count="3714" type="stmt"/>
        <line num="35" count="3852" type="stmt"/>
        <line num="36" count="14075204" type="stmt"/>
        <line num="37" count="15827926" type="stmt"/>
        <line num="39" count="3852" type="stmt"/>
        <line num="40" count="3852" type="stmt"/>
        <line num="45" count="161021819" type="stmt"/>
        <line num="49" count="33" type="stmt"/>
        <line num="51" count="33" type="cond" truecount="2" falsecount="0"/>
        <line num="52" count="1" type="stmt"/>
        <line num="53" count="3702" type="stmt"/>
        <line num="57" count="33" type="cond" truecount="1" falsecount="1"/>
        <line num="59" count="33" type="stmt"/>
        <line num="60" count="138" type="stmt"/>
        <line num="61" count="138" type="stmt"/>
        <line num="62" count="138" type="stmt"/>
        <line num="64" count="138" type="stmt"/>
        <line num="69" count="2" type="stmt"/>
      </file>
    </package>
  </project>
</coverage>
