{"C:\\Users\\murat\\OneDrive\\Desktop\\Projects\\react-projects\\quiz-app\\src\\features\\quiz\\components\\QuizQuestion.tsx": {"path":"C:\\Users\\murat\\OneDrive\\Desktop\\Projects\\react-projects\\quiz-app\\src\\features\\quiz\\components\\QuizQuestion.tsx","statementMap":{"0":{"start":{"line":1,"column":0},"end":{"line":1,"column":44}},"1":{"start":{"line":2,"column":0},"end":{"line":2,"column":45}},"2":{"start":{"line":4,"column":21},"end":{"line":112,"column":1}},"3":{"start":{"line":5,"column":30},"end":{"line":5,"column":39}},"4":{"start":{"line":6,"column":26},"end":{"line":6,"column":61}},"5":{"start":{"line":8,"column":46},"end":{"line":8,"column":75}},"6":{"start":{"line":9,"column":46},"end":{"line":9,"column":61}},"7":{"start":{"line":12,"column":2},"end":{"line":15,"column":42}},"8":{"start":{"line":13,"column":4},"end":{"line":13,"column":65}},"9":{"start":{"line":14,"column":4},"end":{"line":14,"column":29}},"10":{"start":{"line":17,"column":23},"end":{"line":38,"column":3}},"11":{"start":{"line":18,"column":4},"end":{"line":18,"column":49}},"12":{"start":{"line":18,"column":42},"end":{"line":18,"column":49}},"13":{"start":{"line":20,"column":4},"end":{"line":20,"column":30}},"14":{"start":{"line":21,"column":4},"end":{"line":25,"column":7}},"15":{"start":{"line":27,"column":22},"end":{"line":27,"column":62}},"16":{"start":{"line":29,"column":4},"end":{"line":37,"column":5}},"17":{"start":{"line":30,"column":6},"end":{"line":30,"column":43}},"18":{"start":{"line":31,"column":6},"end":{"line":33,"column":14}},"19":{"start":{"line":32,"column":8},"end":{"line":32,"column":32}},"20":{"start":{"line":35,"column":6},"end":{"line":35,"column":41}},"21":{"start":{"line":36,"column":6},"end":{"line":36,"column":30}},"22":{"start":{"line":40,"column":25},"end":{"line":63,"column":3}},"23":{"start":{"line":41,"column":43},"end":{"line":50,"column":6}},"24":{"start":{"line":53,"column":4},"end":{"line":60,"column":5}},"25":{"start":{"line":54,"column":6},"end":{"line":56,"column":7}},"26":{"start":{"line":55,"column":8},"end":{"line":55,"column":58}},"27":{"start":{"line":57,"column":6},"end":{"line":59,"column":7}},"28":{"start":{"line":58,"column":8},"end":{"line":58,"column":56}},"29":{"start":{"line":62,"column":4},"end":{"line":62,"column":21}},"30":{"start":{"line":65,"column":2},"end":{"line":111,"column":4}},"31":{"start":{"line":74,"column":10},"end":{"line":75,"column":null}},"32":{"start":{"line":76,"column":27},"end":{"line":76,"column":47}},"33":{"start":{"line":87,"column":25},"end":{"line":87,"column":60}},"34":{"start":{"line":96,"column":12},"end":{"line":96,"column":36}},"35":{"start":{"line":97,"column":12},"end":{"line":97,"column":37}},"36":{"start":{"line":99,"column":27},"end":{"line":99,"column":76}},"37":{"start":{"line":100,"column":12},"end":{"line":104,"column":13}},"38":{"start":{"line":101,"column":14},"end":{"line":101,"column":50}},"39":{"start":{"line":103,"column":14},"end":{"line":103,"column":50}},"40":{"start":{"line":114,"column":0},"end":{"line":114,"column":28}}},"fnMap":{"0":{"name":"(anonymous_0)","decl":{"start":{"line":4,"column":21},"end":{"line":4,"column":24}},"loc":{"start":{"line":4,"column":26},"end":{"line":112,"column":1}}},"1":{"name":"(anonymous_1)","decl":{"start":{"line":12,"column":12},"end":{"line":12,"column":15}},"loc":{"start":{"line":12,"column":17},"end":{"line":15,"column":3}}},"2":{"name":"(anonymous_2)","decl":{"start":{"line":17,"column":23},"end":{"line":17,"column":24}},"loc":{"start":{"line":17,"column":42},"end":{"line":38,"column":3}}},"3":{"name":"(anonymous_3)","decl":{"start":{"line":31,"column":17},"end":{"line":31,"column":20}},"loc":{"start":{"line":31,"column":22},"end":{"line":33,"column":7}}},"4":{"name":"(anonymous_4)","decl":{"start":{"line":40,"column":25},"end":{"line":40,"column":26}},"loc":{"start":{"line":40,"column":65},"end":{"line":63,"column":3}}},"5":{"name":"(anonymous_5)","decl":{"start":{"line":73,"column":37},"end":{"line":73,"column":38}},"loc":{"start":{"line":74,"column":10},"end":{"line":75,"column":null}}},"6":{"name":"(anonymous_6)","decl":{"start":{"line":76,"column":21},"end":{"line":76,"column":24}},"loc":{"start":{"line":76,"column":27},"end":{"line":76,"column":47}}},"7":{"name":"(anonymous_7)","decl":{"start":{"line":87,"column":19},"end":{"line":87,"column":22}},"loc":{"start":{"line":87,"column":25},"end":{"line":87,"column":60}}},"8":{"name":"(anonymous_8)","decl":{"start":{"line":95,"column":19},"end":{"line":95,"column":22}},"loc":{"start":{"line":95,"column":24},"end":{"line":105,"column":11}}}},"branchMap":{"0":{"loc":{"start":{"line":13,"column":22},"end":{"line":13,"column":63}},"type":"binary-expr","locations":[{"start":{"line":13,"column":22},"end":{"line":13,"column":55}},{"start":{"line":13,"column":59},"end":{"line":13,"column":63}}]},"1":{"loc":{"start":{"line":18,"column":4},"end":{"line":18,"column":49}},"type":"if","locations":[{"start":{"line":18,"column":4},"end":{"line":18,"column":49}},{"start":{},"end":{}}]},"2":{"loc":{"start":{"line":18,"column":8},"end":{"line":18,"column":40}},"type":"binary-expr","locations":[{"start":{"line":18,"column":8},"end":{"line":18,"column":22}},{"start":{"line":18,"column":26},"end":{"line":18,"column":40}}]},"3":{"loc":{"start":{"line":29,"column":4},"end":{"line":37,"column":5}},"type":"if","locations":[{"start":{"line":29,"column":4},"end":{"line":37,"column":5}},{"start":{"line":34,"column":11},"end":{"line":37,"column":5}}]},"4":{"loc":{"start":{"line":53,"column":4},"end":{"line":60,"column":5}},"type":"if","locations":[{"start":{"line":53,"column":4},"end":{"line":60,"column":5}},{"start":{},"end":{}}]},"5":{"loc":{"start":{"line":54,"column":6},"end":{"line":56,"column":7}},"type":"if","locations":[{"start":{"line":54,"column":6},"end":{"line":56,"column":7}},{"start":{},"end":{}}]},"6":{"loc":{"start":{"line":57,"column":6},"end":{"line":59,"column":7}},"type":"if","locations":[{"start":{"line":57,"column":6},"end":{"line":59,"column":7}},{"start":{},"end":{}}]},"7":{"loc":{"start":{"line":78,"column":22},"end":{"line":78,"column":77}},"type":"binary-expr","locations":[{"start":{"line":78,"column":22},"end":{"line":78,"column":38}},{"start":{"line":78,"column":42},"end":{"line":78,"column":77}}]},"8":{"loc":{"start":{"line":100,"column":12},"end":{"line":104,"column":13}},"type":"if","locations":[{"start":{"line":100,"column":12},"end":{"line":104,"column":13}},{"start":{"line":102,"column":19},"end":{"line":104,"column":13}}]}},"s":{"0":1,"1":1,"2":1,"3":9,"4":9,"5":9,"6":9,"7":9,"8":5,"9":5,"10":9,"11":2,"12":0,"13":2,"14":2,"15":2,"16":2,"17":1,"18":1,"19":0,"20":1,"21":1,"22":9,"23":36,"24":36,"25":0,"26":0,"27":0,"28":0,"29":36,"30":9,"31":36,"32":2,"33":1,"34":1,"35":1,"36":1,"37":1,"38":1,"39":0,"40":1},"f":{"0":9,"1":5,"2":2,"3":0,"4":36,"5":36,"6":2,"7":1,"8":1},"b":{"0":[5,5],"1":[0,2],"2":[2,2],"3":[1,1],"4":[0,36],"5":[0,0],"6":[0,0],"7":[36,20],"8":[1,0]}}
,"C:\\Users\\murat\\OneDrive\\Desktop\\Projects\\react-projects\\quiz-app\\src\\features\\quiz\\components\\QuizResult.tsx": {"path":"C:\\Users\\murat\\OneDrive\\Desktop\\Projects\\react-projects\\quiz-app\\src\\features\\quiz\\components\\QuizResult.tsx","statementMap":{"0":{"start":{"line":1,"column":0},"end":{"line":1,"column":45}},"1":{"start":{"line":2,"column":0},"end":{"line":2,"column":48}},"2":{"start":{"line":3,"column":0},"end":{"line":3,"column":54}},"3":{"start":{"line":5,"column":19},"end":{"line":56,"column":1}},"4":{"start":{"line":6,"column":30},"end":{"line":6,"column":39}},"5":{"start":{"line":8,"column":16},"end":{"line":8,"column":38}},"6":{"start":{"line":9,"column":23},"end":{"line":9,"column":71}},"7":{"start":{"line":10,"column":24},"end":{"line":10,"column":57}},"8":{"start":{"line":11,"column":18},"end":{"line":11,"column":56}},"9":{"start":{"line":13,"column":22},"end":{"line":17,"column":3}},"10":{"start":{"line":14,"column":30},"end":{"line":14,"column":35}},"11":{"start":{"line":15,"column":22},"end":{"line":15,"column":71}},"12":{"start":{"line":16,"column":4},"end":{"line":16,"column":67}},"13":{"start":{"line":19,"column":2},"end":{"line":55,"column":4}},"14":{"start":{"line":42,"column":23},"end":{"line":42,"column":63}},"15":{"start":{"line":58,"column":0},"end":{"line":58,"column":26}}},"fnMap":{"0":{"name":"(anonymous_1)","decl":{"start":{"line":5,"column":19},"end":{"line":5,"column":22}},"loc":{"start":{"line":5,"column":24},"end":{"line":56,"column":1}}},"1":{"name":"(anonymous_2)","decl":{"start":{"line":13,"column":22},"end":{"line":13,"column":25}},"loc":{"start":{"line":13,"column":27},"end":{"line":17,"column":3}}},"2":{"name":"(anonymous_3)","decl":{"start":{"line":42,"column":17},"end":{"line":42,"column":20}},"loc":{"start":{"line":42,"column":23},"end":{"line":42,"column":63}}}},"branchMap":{},"s":{"0":1,"1":1,"2":1,"3":1,"4":2,"5":2,"6":2,"7":2,"8":2,"9":2,"10":1,"11":1,"12":1,"13":2,"14":0,"15":1},"f":{"0":2,"1":1,"2":0},"b":{}}
,"C:\\Users\\murat\\OneDrive\\Desktop\\Projects\\react-projects\\quiz-app\\src\\features\\quiz\\components\\QuizStart.tsx": {"path":"C:\\Users\\murat\\OneDrive\\Desktop\\Projects\\react-projects\\quiz-app\\src\\features\\quiz\\components\\QuizStart.tsx","statementMap":{"0":{"start":{"line":1,"column":0},"end":{"line":1,"column":33}},"1":{"start":{"line":2,"column":0},"end":{"line":2,"column":45}},"2":{"start":{"line":3,"column":0},"end":{"line":3,"column":54}},"3":{"start":{"line":4,"column":0},"end":{"line":4,"column":48}},"4":{"start":{"line":6,"column":18},"end":{"line":60,"column":1}},"5":{"start":{"line":7,"column":23},"end":{"line":7,"column":32}},"6":{"start":{"line":8,"column":30},"end":{"line":8,"column":42}},"7":{"start":{"line":9,"column":28},"end":{"line":9,"column":41}},"8":{"start":{"line":11,"column":20},"end":{"line":15,"column":3}},"9":{"start":{"line":12,"column":20},"end":{"line":12,"column":41}},"10":{"start":{"line":13,"column":22},"end":{"line":13,"column":57}},"11":{"start":{"line":14,"column":4},"end":{"line":14,"column":67}},"12":{"start":{"line":17,"column":2},"end":{"line":59,"column":4}},"13":{"start":{"line":26,"column":29},"end":{"line":26,"column":54}},"14":{"start":{"line":31,"column":14},"end":{"line":31,"column":33}},"15":{"start":{"line":44,"column":29},"end":{"line":44,"column":61}},"16":{"start":{"line":49,"column":14},"end":{"line":49,"column":32}},"17":{"start":{"line":62,"column":0},"end":{"line":62,"column":25}}},"fnMap":{"0":{"name":"(anonymous_1)","decl":{"start":{"line":6,"column":18},"end":{"line":6,"column":21}},"loc":{"start":{"line":6,"column":23},"end":{"line":60,"column":1}}},"1":{"name":"(anonymous_2)","decl":{"start":{"line":11,"column":20},"end":{"line":11,"column":23}},"loc":{"start":{"line":11,"column":25},"end":{"line":15,"column":3}}},"2":{"name":"(anonymous_3)","decl":{"start":{"line":26,"column":22},"end":{"line":26,"column":23}},"loc":{"start":{"line":26,"column":29},"end":{"line":26,"column":54}}},"3":{"name":"(anonymous_4)","decl":{"start":{"line":30,"column":70},"end":{"line":30,"column":71}},"loc":{"start":{"line":31,"column":14},"end":{"line":31,"column":33}}},"4":{"name":"(anonymous_5)","decl":{"start":{"line":44,"column":22},"end":{"line":44,"column":23}},"loc":{"start":{"line":44,"column":29},"end":{"line":44,"column":61}}},"5":{"name":"(anonymous_6)","decl":{"start":{"line":48,"column":47},"end":{"line":48,"column":48}},"loc":{"start":{"line":49,"column":14},"end":{"line":49,"column":32}}}},"branchMap":{},"s":{"0":1,"1":1,"2":1,"3":1,"4":1,"5":7,"6":7,"7":7,"8":7,"9":1,"10":1,"11":1,"12":7,"13":2,"14":182,"15":2,"16":42,"17":1},"f":{"0":7,"1":1,"2":2,"3":182,"4":2,"5":42},"b":{}}
,"C:\\Users\\murat\\OneDrive\\Desktop\\Projects\\react-projects\\quiz-app\\src\\features\\quiz\\context\\QuizContext.tsx": {"path":"C:\\Users\\murat\\OneDrive\\Desktop\\Projects\\react-projects\\quiz-app\\src\\features\\quiz\\context\\QuizContext.tsx","statementMap":{"0":{"start":{"line":1,"column":0},"end":{"line":1,"column":38}},"1":{"start":{"line":10,"column":13},"end":{"line":10,"column":81}}},"fnMap":{},"branchMap":{},"s":{"0":3,"1":3},"f":{},"b":{}}
,"C:\\Users\\murat\\OneDrive\\Desktop\\Projects\\react-projects\\quiz-app\\src\\features\\quiz\\context\\QuizReducer.ts": {"path":"C:\\Users\\murat\\OneDrive\\Desktop\\Projects\\react-projects\\quiz-app\\src\\features\\quiz\\context\\QuizReducer.ts","statementMap":{"0":{"start":{"line":35,"column":0},"end":{"line":35,"column":16}},"1":{"start":{"line":24,"column":13},"end":{"line":33,"column":2}},"2":{"start":{"line":36,"column":2},"end":{"line":81,"column":3}},"3":{"start":{"line":38,"column":6},"end":{"line":43,"column":8}},"4":{"start":{"line":45,"column":6},"end":{"line":48,"column":8}},"5":{"start":{"line":50,"column":6},"end":{"line":53,"column":8}},"6":{"start":{"line":55,"column":6},"end":{"line":58,"column":8}},"7":{"start":{"line":60,"column":6},"end":{"line":63,"column":8}},"8":{"start":{"line":65,"column":6},"end":{"line":71,"column":8}},"9":{"start":{"line":73,"column":6},"end":{"line":78,"column":8}},"10":{"start":{"line":80,"column":6},"end":{"line":80,"column":19}}},"fnMap":{"0":{"name":"quizReducer","decl":{"start":{"line":35,"column":16},"end":{"line":35,"column":27}},"loc":{"start":{"line":35,"column":64},"end":{"line":82,"column":1}}}},"branchMap":{"0":{"loc":{"start":{"line":36,"column":2},"end":{"line":81,"column":3}},"type":"switch","locations":[{"start":{"line":37,"column":4},"end":{"line":43,"column":8}},{"start":{"line":44,"column":4},"end":{"line":48,"column":8}},{"start":{"line":49,"column":4},"end":{"line":53,"column":8}},{"start":{"line":54,"column":4},"end":{"line":58,"column":8}},{"start":{"line":59,"column":4},"end":{"line":63,"column":8}},{"start":{"line":64,"column":4},"end":{"line":71,"column":8}},{"start":{"line":72,"column":4},"end":{"line":78,"column":8}},{"start":{"line":79,"column":4},"end":{"line":80,"column":19}}]}},"s":{"0":1,"1":1,"2":3,"3":1,"4":1,"5":0,"6":0,"7":1,"8":0,"9":0,"10":0},"f":{"0":3},"b":{"0":[1,1,0,0,1,0,0,0]}}
,"C:\\Users\\murat\\OneDrive\\Desktop\\Projects\\react-projects\\quiz-app\\src\\features\\quiz\\context\\useQuiz.ts": {"path":"C:\\Users\\murat\\OneDrive\\Desktop\\Projects\\react-projects\\quiz-app\\src\\features\\quiz\\context\\useQuiz.ts","statementMap":{"0":{"start":{"line":1,"column":0},"end":{"line":1,"column":35}},"1":{"start":{"line":2,"column":0},"end":{"line":2,"column":44}},"2":{"start":{"line":4,"column":23},"end":{"line":10,"column":1}},"3":{"start":{"line":5,"column":18},"end":{"line":5,"column":41}},"4":{"start":{"line":6,"column":2},"end":{"line":8,"column":3}},"5":{"start":{"line":7,"column":4},"end":{"line":7,"column":66}},"6":{"start":{"line":9,"column":2},"end":{"line":9,"column":17}},"7":{"start":{"line":4,"column":13},"end":{"line":4,"column":23}}},"fnMap":{"0":{"name":"(anonymous_0)","decl":{"start":{"line":4,"column":23},"end":{"line":4,"column":26}},"loc":{"start":{"line":4,"column":28},"end":{"line":10,"column":1}}}},"branchMap":{"0":{"loc":{"start":{"line":6,"column":2},"end":{"line":8,"column":3}},"type":"if","locations":[{"start":{"line":6,"column":2},"end":{"line":8,"column":3}},{"start":{},"end":{}}]}},"s":{"0":3,"1":3,"2":3,"3":18,"4":18,"5":0,"6":18,"7":3},"f":{"0":18},"b":{"0":[0,18]}}
,"C:\\Users\\murat\\OneDrive\\Desktop\\Projects\\react-projects\\quiz-app\\src\\features\\quiz\\services\\QuizService.ts": {"path":"C:\\Users\\murat\\OneDrive\\Desktop\\Projects\\react-projects\\quiz-app\\src\\features\\quiz\\services\\QuizService.ts","statementMap":{"0":{"start":{"line":14,"column":4},"end":{"line":14,"column":26}},"1":{"start":{"line":15,"column":4},"end":{"line":15,"column":55}},"2":{"start":{"line":20,"column":21},"end":{"line":20,"column":63}},"3":{"start":{"line":20,"column":43},"end":{"line":20,"column":62}},"4":{"start":{"line":21,"column":4},"end":{"line":30,"column":7}},"5":{"start":{"line":22,"column":22},"end":{"line":22,"column":37}},"6":{"start":{"line":23,"column":27},"end":{"line":23,"column":65}},"7":{"start":{"line":24,"column":22},"end":{"line":24,"column":62}},"8":{"start":{"line":25,"column":6},"end":{"line":29,"column":8}},"9":{"start":{"line":35,"column":22},"end":{"line":37,"column":39}},"10":{"start":{"line":36,"column":22},"end":{"line":36,"column":31}},"11":{"start":{"line":37,"column":23},"end":{"line":37,"column":38}},"12":{"start":{"line":39,"column":21},"end":{"line":39,"column":44}},"13":{"start":{"line":40,"column":4},"end":{"line":40,"column":36}},"14":{"start":{"line":45,"column":4},"end":{"line":45,"column":49}},"15":{"start":{"line":45,"column":28},"end":{"line":45,"column":47}},"16":{"start":{"line":49,"column":19},"end":{"line":49,"column":32}},"17":{"start":{"line":51,"column":4},"end":{"line":55,"column":5}},"18":{"start":{"line":52,"column":6},"end":{"line":54,"column":8}},"19":{"start":{"line":53,"column":8},"end":{"line":53,"column":77}},"20":{"start":{"line":57,"column":21},"end":{"line":57,"column":92}},"21":{"start":{"line":59,"column":4},"end":{"line":65,"column":7}},"22":{"start":{"line":60,"column":28},"end":{"line":60,"column":43}},"23":{"start":{"line":61,"column":27},"end":{"line":61,"column":71}},"24":{"start":{"line":62,"column":22},"end":{"line":62,"column":68}},"25":{"start":{"line":64,"column":6},"end":{"line":64,"column":46}},"26":{"start":{"line":69,"column":4},"end":{"line":69,"column":32}},"27":{"start":{"line":9,"column":0},"end":{"line":9,"column":13}}},"fnMap":{"0":{"name":"(anonymous_0)","decl":{"start":{"line":13,"column":2},"end":{"line":13,"column":14}},"loc":{"start":{"line":13,"column":27},"end":{"line":16,"column":3}}},"1":{"name":"(anonymous_1)","decl":{"start":{"line":19,"column":10},"end":{"line":19,"column":31}},"loc":{"start":{"line":19,"column":45},"end":{"line":31,"column":3}}},"2":{"name":"(anonymous_2)","decl":{"start":{"line":20,"column":37},"end":{"line":20,"column":40}},"loc":{"start":{"line":20,"column":43},"end":{"line":20,"column":62}}},"3":{"name":"(anonymous_3)","decl":{"start":{"line":21,"column":24},"end":{"line":21,"column":25}},"loc":{"start":{"line":21,"column":33},"end":{"line":30,"column":5}}},"4":{"name":"(anonymous_4)","decl":{"start":{"line":34,"column":10},"end":{"line":34,"column":31}},"loc":{"start":{"line":34,"column":62},"end":{"line":41,"column":3}}},"5":{"name":"(anonymous_5)","decl":{"start":{"line":36,"column":15},"end":{"line":36,"column":16}},"loc":{"start":{"line":36,"column":22},"end":{"line":36,"column":31}}},"6":{"name":"(anonymous_6)","decl":{"start":{"line":37,"column":14},"end":{"line":37,"column":15}},"loc":{"start":{"line":37,"column":23},"end":{"line":37,"column":38}}},"7":{"name":"(anonymous_7)","decl":{"start":{"line":44,"column":10},"end":{"line":44,"column":17}},"loc":{"start":{"line":44,"column":31},"end":{"line":46,"column":3}}},"8":{"name":"(anonymous_8)","decl":{"start":{"line":45,"column":22},"end":{"line":45,"column":25}},"loc":{"start":{"line":45,"column":28},"end":{"line":45,"column":47}}},"9":{"name":"(anonymous_9)","decl":{"start":{"line":48,"column":2},"end":{"line":48,"column":14}},"loc":{"start":{"line":48,"column":61},"end":{"line":66,"column":3}}},"10":{"name":"(anonymous_10)","decl":{"start":{"line":52,"column":33},"end":{"line":52,"column":37}},"loc":{"start":{"line":53,"column":8},"end":{"line":53,"column":77}}},"11":{"name":"(anonymous_11)","decl":{"start":{"line":59,"column":24},"end":{"line":59,"column":25}},"loc":{"start":{"line":59,"column":33},"end":{"line":65,"column":5}}},"12":{"name":"(anonymous_12)","decl":{"start":{"line":68,"column":2},"end":{"line":68,"column":8}},"loc":{"start":{"line":68,"column":58},"end":{"line":70,"column":3}}}},"branchMap":{"0":{"loc":{"start":{"line":48,"column":15},"end":{"line":48,"column":34}},"type":"default-arg","locations":[{"start":{"line":48,"column":31},"end":{"line":48,"column":34}}]},"1":{"loc":{"start":{"line":51,"column":4},"end":{"line":55,"column":5}},"type":"if","locations":[{"start":{"line":51,"column":4},"end":{"line":55,"column":5}},{"start":{},"end":{}}]},"2":{"loc":{"start":{"line":57,"column":21},"end":{"line":57,"column":92}},"type":"cond-expr","locations":[{"start":{"line":57,"column":29},"end":{"line":57,"column":67}},{"start":{"line":57,"column":70},"end":{"line":57,"column":92}}]}},"s":{"0":4,"1":4,"2":4,"3":37521,"4":4,"5":3714,"6":3714,"7":3714,"8":3714,"9":3852,"10":14075204,"11":15827926,"12":3852,"13":3852,"14":7737,"15":161021819,"16":33,"17":33,"18":1,"19":3702,"20":33,"21":33,"22":138,"23":138,"24":138,"25":138,"26":2,"27":2},"f":{"0":4,"1":4,"2":37521,"3":3714,"4":3852,"5":14075204,"6":15827926,"7":7737,"8":161021819,"9":33,"10":3702,"11":138,"12":2},"b":{"0":[2],"1":[1,32],"2":[33,0]}}
}
