TN:
SF:src\features\quiz\components\QuizQuestion.tsx
FN:4,(anonymous_0)
FN:12,(anonymous_1)
FN:17,(anonymous_2)
FN:31,(anonymous_3)
FN:40,(anonymous_4)
FN:73,(anonymous_5)
FN:76,(anonymous_6)
FN:87,(anonymous_7)
FN:95,(anonymous_8)
FNF:9
FNH:8
FNDA:9,(anonymous_0)
FNDA:5,(anonymous_1)
FNDA:2,(anonymous_2)
FNDA:0,(anonymous_3)
FNDA:36,(anonymous_4)
FNDA:36,(anonymous_5)
FNDA:2,(anonymous_6)
FNDA:1,(anonymous_7)
FNDA:1,(anonymous_8)
DA:1,1
DA:2,1
DA:4,1
DA:5,9
DA:6,9
DA:8,9
DA:9,9
DA:12,9
DA:13,5
DA:14,5
DA:17,9
DA:18,2
DA:20,2
DA:21,2
DA:27,2
DA:29,2
DA:30,1
DA:31,1
DA:32,0
DA:35,1
DA:36,1
DA:40,9
DA:41,36
DA:53,36
DA:54,0
DA:55,0
DA:57,0
DA:58,0
DA:62,36
DA:65,9
DA:74,36
DA:76,2
DA:87,1
DA:96,1
DA:97,1
DA:99,1
DA:100,1
DA:101,1
DA:103,0
DA:114,1
LF:40
LH:34
BRDA:13,0,0,5
BRDA:13,0,1,5
BRDA:18,1,0,0
BRDA:18,1,1,2
BRDA:18,2,0,2
BRDA:18,2,1,2
BRDA:29,3,0,1
BRDA:29,3,1,1
BRDA:53,4,0,0
BRDA:53,4,1,36
BRDA:54,5,0,0
BRDA:54,5,1,0
BRDA:57,6,0,0
BRDA:57,6,1,0
BRDA:78,7,0,36
BRDA:78,7,1,20
BRDA:100,8,0,1
BRDA:100,8,1,0
BRF:18
BRH:11
end_of_record
TN:
SF:src\features\quiz\components\QuizResult.tsx
FN:5,(anonymous_1)
FN:13,(anonymous_2)
FN:42,(anonymous_3)
FNF:3
FNH:2
FNDA:2,(anonymous_1)
FNDA:1,(anonymous_2)
FNDA:0,(anonymous_3)
DA:1,1
DA:2,1
DA:3,1
DA:5,1
DA:6,2
DA:8,2
DA:9,2
DA:10,2
DA:11,2
DA:13,2
DA:14,1
DA:15,1
DA:16,1
DA:19,2
DA:42,0
DA:58,1
LF:16
LH:15
BRF:0
BRH:0
end_of_record
TN:
SF:src\features\quiz\components\QuizStart.tsx
FN:6,(anonymous_1)
FN:11,(anonymous_2)
FN:26,(anonymous_3)
FN:30,(anonymous_4)
FN:44,(anonymous_5)
FN:48,(anonymous_6)
FNF:6
FNH:6
FNDA:7,(anonymous_1)
FNDA:1,(anonymous_2)
FNDA:2,(anonymous_3)
FNDA:182,(anonymous_4)
FNDA:2,(anonymous_5)
FNDA:42,(anonymous_6)
DA:1,1
DA:2,1
DA:3,1
DA:4,1
DA:6,1
DA:7,7
DA:8,7
DA:9,7
DA:11,7
DA:12,1
DA:13,1
DA:14,1
DA:17,7
DA:26,2
DA:31,182
DA:44,2
DA:49,42
DA:62,1
LF:18
LH:18
BRF:0
BRH:0
end_of_record
TN:
SF:src\features\quiz\context\QuizContext.tsx
FNF:0
FNH:0
DA:1,3
DA:10,3
LF:2
LH:2
BRF:0
BRH:0
end_of_record
TN:
SF:src\features\quiz\context\QuizReducer.ts
FN:35,quizReducer
FNF:1
FNH:1
FNDA:3,quizReducer
DA:24,1
DA:35,1
DA:36,3
DA:38,1
DA:45,1
DA:50,0
DA:55,0
DA:60,1
DA:65,0
DA:73,0
DA:80,0
LF:11
LH:6
BRDA:36,0,0,1
BRDA:36,0,1,1
BRDA:36,0,2,0
BRDA:36,0,3,0
BRDA:36,0,4,1
BRDA:36,0,5,0
BRDA:36,0,6,0
BRDA:36,0,7,0
BRF:8
BRH:3
end_of_record
TN:
SF:src\features\quiz\context\useQuiz.ts
FN:4,(anonymous_0)
FNF:1
FNH:1
FNDA:18,(anonymous_0)
DA:1,3
DA:2,3
DA:4,3
DA:5,18
DA:6,18
DA:7,0
DA:9,18
LF:7
LH:6
BRDA:6,0,0,0
BRDA:6,0,1,18
BRF:2
BRH:1
end_of_record
TN:
SF:src\features\quiz\services\QuizService.ts
FN:13,(anonymous_0)
FN:19,(anonymous_1)
FN:20,(anonymous_2)
FN:21,(anonymous_3)
FN:34,(anonymous_4)
FN:36,(anonymous_5)
FN:37,(anonymous_6)
FN:44,(anonymous_7)
FN:45,(anonymous_8)
FN:48,(anonymous_9)
FN:52,(anonymous_10)
FN:59,(anonymous_11)
FN:68,(anonymous_12)
FNF:13
FNH:13
FNDA:4,(anonymous_0)
FNDA:4,(anonymous_1)
FNDA:37521,(anonymous_2)
FNDA:3714,(anonymous_3)
FNDA:3852,(anonymous_4)
FNDA:14075204,(anonymous_5)
FNDA:15827926,(anonymous_6)
FNDA:7737,(anonymous_7)
FNDA:161021819,(anonymous_8)
FNDA:33,(anonymous_9)
FNDA:3702,(anonymous_10)
FNDA:138,(anonymous_11)
FNDA:2,(anonymous_12)
DA:9,2
DA:14,4
DA:15,4
DA:20,37521
DA:21,4
DA:22,3714
DA:23,3714
DA:24,3714
DA:25,3714
DA:35,3852
DA:36,14075204
DA:37,15827926
DA:39,3852
DA:40,3852
DA:45,161021819
DA:49,33
DA:51,33
DA:52,1
DA:53,3702
DA:57,33
DA:59,33
DA:60,138
DA:61,138
DA:62,138
DA:64,138
DA:69,2
LF:26
LH:26
BRDA:48,0,0,2
BRDA:51,1,0,1
BRDA:51,1,1,32
BRDA:57,2,0,33
BRDA:57,2,1,0
BRF:5
BRH:4
end_of_record
